<?xml version="1.0" encoding="UTF-8"?>
<!-- Generated by org.testng.reporters.JUnitXMLReporter -->
<testsuite ignored="0" hostname="Lord-Vegapunk" failures="0" tests="7" name="Car Loan" time="0.083" errors="0" timestamp="2022-01-12T10:45:45 IST">
  <testcase classname="test.TestNgThree" name="mobileCarLogin" time="0.007"/>
  <testcase classname="test.TestNgThree" name="mobileCarSignIn" time="0.001"/>
  <testcase classname="test.TestNgThree" name="mobileCarSignOut" time="0.002"/>
  <testcase classname="test.TestNgThree" name="mobileCarSignOut" time="0.003"/>
  <testcase classname="test.TestNgThree" name="mobileCarSignOut" time="0.002"/>
  <testcase classname="test.TestNgThree" name="webCarLogin" time="0.001"/>
  <testcase classname="test.TestNgThree" name="loginAPI" time="0.002"/>
</testsuite> <!-- Car Loan -->
