<?xml version="1.0" encoding="UTF-8"?>
<!-- Generated by org.testng.reporters.JUnitXMLReporter -->
<testsuite ignored="3" hostname="Lord-Vegapunk" failures="0" tests="8" name="RegressionTest" time="0.08" errors="0" timestamp="2022-01-10T10:16:49 IST">
  <testcase classname="test.TestNgOne" name="bye" time="0.006"/>
  <testcase classname="test.TestNgOne" name="hello" time="0.002"/>
  <testcase classname="test.TestNgFour" name="loginAPI" time="0.002"/>
  <testcase classname="test.TestNgFour" name="webHomeLogin" time="0.002"/>
  <testcase classname="test.TestNgThree" name="mobileCarLogin" time="0.002"/>
  <testcase classname="test.TestNgThree" name="mobileCarSignOut" time="0.001"/>
  <testcase classname="test.TestNgThree" name="webCarLogin" time="0.001"/>
  <testcase classname="test.TestNgThree" name="loginAPI" time="0.001"/>
  <testcase classname="test.TestNgTwo" name="goodbye" time="0.0">
    <ignored/>
  </testcase> <!-- goodbye -->
  <testcase classname="test.TestNgThree" name="mobileCarSignIn" time="0.0">
    <ignored/>
  </testcase> <!-- mobileCarSignIn -->
  <testcase classname="test.TestNgFour" name="mobileHomeLogin" time="0.0">
    <ignored/>
  </testcase> <!-- mobileHomeLogin -->
</testsuite> <!-- RegressionTest -->
