<?xml version="1.0" encoding="UTF-8"?>
<!-- Generated by org.testng.reporters.JUnitXMLReporter -->
<testsuite ignored="0" hostname="Lord-Vegapunk" failures="1" tests="6" name="TestNgTests" time="0.079" errors="0" timestamp="2022-01-12T10:45:45 IST">
  <testcase classname="test.TestNgOne" name="bye" time="0.007"/>
  <testcase classname="test.TestNgOne" name="hello" time="0.006">
    <failure type="java.lang.AssertionError" message="expected [true] but found [false]">
      <![CDATA[java.lang.AssertionError: expected [true] but found [false]
at test.TestNgOne.hello(TestNgOne.java:20)
at java.base/java.util.ArrayList.forEach(ArrayList.java:1511)
at java.base/java.util.concurrent.FutureTask.run(FutureTask.java:264)
at java.base/java.util.concurrent.ThreadPoolExecutor.runWorker(ThreadPoolExecutor.java:1130)
at java.base/java.util.concurrent.ThreadPoolExecutor$Worker.run(ThreadPoolExecutor.java:630)
at java.base/java.lang.Thread.run(Thread.java:831)
... Removed 22 stack frames]]>
    </failure>
  </testcase> <!-- hello -->
  <testcase classname="test.TestNgTwo" name="goodbye" time="0.002"/>
  <testcase classname="test.TestNgFour" name="loginAPI" time="0.003"/>
  <testcase classname="test.TestNgFour" name="mobileHomeLogin" time="0.001"/>
  <testcase classname="test.TestNgFour" name="webHomeLogin" time="0.002"/>
</testsuite> <!-- TestNgTests -->
